<?xml version="1.0" encoding="UTF-8"?>
<!-- Generated by org.testng.reporters.JUnitReportReporter -->
<testsuite hostname="Roy" failures="0" tests="1" name="Practice_Package.Demo" time="7.482" errors="0" timestamp="2023-04-13T22:03:11 IST" skipped="0">
  <testcase classname="Practice_Package.Demo" name="makeMyTrip" time="7.482"/>
  <system-out/>
</testsuite> <!-- Practice_Package.Demo -->
