<?xml version="1.0" encoding="UTF-8"?>
<!-- Generated by org.testng.reporters.JUnitReportReporter -->
<testsuite hostname="Roy" failures="0" tests="3" name="Practice_Package.Data_Provider2_1" time="0.017" errors="0" timestamp="2023-03-23T17:27:50 IST" skipped="0">
  <testcase classname="Practice_Package.Data_Provider2_1" name="getData" time="0.012"/>
  <system-out/>
  <testcase classname="Practice_Package.Data_Provider2_1" name="getData" time="0.002"/>
  <system-out/>
  <testcase classname="Practice_Package.Data_Provider2_1" name="getData" time="0.003"/>
  <system-out/>
</testsuite> <!-- Practice_Package.Data_Provider2_1 -->
