<?xml version="1.0" encoding="UTF-8"?>
<!-- Generated by org.testng.reporters.JUnitReportReporter -->
<testsuite hostname="Roy" failures="0" tests="2" name="Practice_Package.UsingDataProviderGetExcel" time="0.013" errors="0" timestamp="2023-03-24T10:52:06 IST" skipped="0">
  <testcase classname="Practice_Package.UsingDataProviderGetExcel" name="getData" time="0.010"/>
  <system-out/>
  <testcase classname="Practice_Package.UsingDataProviderGetExcel" name="getData" time="0.003"/>
  <system-out/>
</testsuite> <!-- Practice_Package.UsingDataProviderGetExcel -->
