<?xml version="1.0" encoding="UTF-8"?>
<!-- Generated by org.testng.reporters.JUnitReportReporter -->
<testsuite hostname="Roy" failures="0" tests="5" name="Practice_Package.ThreadCountEx1" time="0.024" errors="0" timestamp="2023-03-29T14:35:50 IST" skipped="0">
  <testcase classname="Practice_Package.ThreadCountEx1" name="thread1" time="0.013"/>
  <system-out/>
  <testcase classname="Practice_Package.ThreadCountEx1" name="thread3" time="0.004"/>
  <system-out/>
  <testcase classname="Practice_Package.ThreadCountEx1" name="thread5" time="0.002"/>
  <system-out/>
  <testcase classname="Practice_Package.ThreadCountEx1" name="thread2" time="0.002"/>
  <system-out/>
  <testcase classname="Practice_Package.ThreadCountEx1" name="thread4" time="0.003"/>
  <system-out/>
</testsuite> <!-- Practice_Package.ThreadCountEx1 -->
