<?xml version="1.0" encoding="UTF-8"?>
<!-- Generated by org.testng.reporters.JUnitReportReporter -->
<testsuite hostname="Roy" failures="0" tests="1" name="Practice_Package.TokyoOlympic" time="14.798" errors="0" timestamp="2023-04-16T15:39:08 IST" skipped="0">
  <testcase classname="Practice_Package.TokyoOlympic" name="test" time="14.798"/>
  <system-out/>
</testsuite> <!-- Practice_Package.TokyoOlympic -->
