<?xml version="1.0" encoding="UTF-8"?>
<!-- Generated by org.testng.reporters.JUnitReportReporter -->
<testsuite hostname="Roy" failures="0" tests="1" name="Transaction.CreateTransactionByUser" time="14.231" errors="0" timestamp="2023-03-29T14:39:48 IST" skipped="0">
  <testcase classname="Transaction.CreateTransactionByUser" name="CreateTransactionByUser" time="14.231"/>
  <system-out>
    <![CDATA[CreateTransactionByUser-----> TestScript Execution Started
CreateTransactionByUser-----> TestScript Execution Successful]]>
  </system-out>
</testsuite> <!-- Transaction.CreateTransactionByUser -->
