<?xml version="1.0" encoding="UTF-8"?>
<!-- Generated by org.testng.reporters.JUnitReportReporter -->
<testsuite hostname="Roy" failures="0" tests="2" name="Practice_Package.HardAssert" time="0.022" errors="0" timestamp="2023-03-27T17:26:30 IST" skipped="0">
  <testcase classname="Practice_Package.HardAssert" name="test2" time="0.002"/>
  <system-out/>
  <testcase classname="Practice_Package.HardAssert" name="test1" time="0.020"/>
  <system-out/>
</testsuite> <!-- Practice_Package.HardAssert -->
