<?xml version="1.0" encoding="UTF-8"?>
<!-- Generated by org.testng.reporters.JUnitReportReporter -->
<testsuite hostname="Roy" failures="0" tests="2" name="Practice_Package.GetDataUsingDataproviderExcel" time="0.031" errors="0" timestamp="2023-03-24T10:09:52 IST" skipped="0">
  <testcase classname="Practice_Package.GetDataUsingDataproviderExcel" name="getData" time="0.026"/>
  <system-out/>
  <testcase classname="Practice_Package.GetDataUsingDataproviderExcel" name="getData" time="0.005"/>
  <system-out/>
</testsuite> <!-- Practice_Package.GetDataUsingDataproviderExcel -->
