<?xml version="1.0" encoding="UTF-8"?>
<!-- Generated by org.testng.reporters.JUnitReportReporter -->
<testsuite hostname="Roy" failures="0" tests="1" name="Practice_Package.SeleniumGrid" time="27.769" errors="0" timestamp="2023-04-11T15:25:49 IST" skipped="0">
  <testcase classname="Practice_Package.SeleniumGrid" name="test" time="27.769"/>
  <system-out/>
</testsuite> <!-- Practice_Package.SeleniumGrid -->
