<?xml version="1.0" encoding="UTF-8"?>
<!-- Generated by org.testng.reporters.JUnitReportReporter -->
<testsuite hostname="Roy" failures="0" tests="6" name="Practice_Package.Data_Provider" time="0.025" errors="0" timestamp="2023-03-23T16:28:05 IST" skipped="0">
  <testcase classname="Practice_Package.Data_Provider" name="getData" time="0.003"/>
  <system-out/>
  <testcase classname="Practice_Package.Data_Provider" name="getData" time="0.010"/>
  <system-out/>
  <testcase classname="Practice_Package.Data_Provider" name="getData" time="0.002"/>
  <system-out/>
  <testcase classname="Practice_Package.Data_Provider" name="getData" time="0.001"/>
  <system-out/>
  <testcase classname="Practice_Package.Data_Provider" name="getData" time="0.006"/>
  <system-out/>
  <testcase classname="Practice_Package.Data_Provider" name="getData" time="0.003"/>
  <system-out/>
</testsuite> <!-- Practice_Package.Data_Provider -->
