<?xml version="1.0" encoding="UTF-8"?>
<!-- Generated by org.testng.reporters.JUnitReportReporter -->
<testsuite hostname="Roy" failures="0" tests="1" name="Transaction.GenerateInvoiceByUser" time="16.369" errors="0" timestamp="2023-04-06T16:47:20 IST" skipped="0">
  <testcase classname="Transaction.GenerateInvoiceByUser" name="GenInvoiceByUser" time="16.369"/>
  <system-out>
    <![CDATA[GenInvoiceByUser-----> TestScript Execution Started
GenInvoiceByUser-----> TestScript Execution Successful]]>
  </system-out>
</testsuite> <!-- Transaction.GenerateInvoiceByUser -->
