<?xml version="1.0" encoding="UTF-8"?>
<!-- Generated by org.testng.reporters.JUnitReportReporter -->
<testsuite hostname="Roy" failures="0" tests="1" name="Practice_Package.Icc" time="25.821" errors="0" timestamp="2023-03-23T15:08:33 IST" skipped="0">
  <testcase classname="Practice_Package.Icc" name="readIcc" time="25.821"/>
  <system-out/>
</testsuite> <!-- Practice_Package.Icc -->
