<?xml version="1.0" encoding="UTF-8"?>
<!-- Generated by org.testng.reporters.JUnitReportReporter -->
<testsuite hostname="Roy" failures="0" tests="2" name="Practice_Package.Annotation_Practice" time="0.009" errors="0" timestamp="2023-03-23T16:13:49 IST" skipped="0">
  <testcase classname="Practice_Package.Annotation_Practice" name="testScript1" time="0.007"/>
  <system-out/>
  <testcase classname="Practice_Package.Annotation_Practice" name="testScript2" time="0.002"/>
  <system-out/>
</testsuite> <!-- Practice_Package.Annotation_Practice -->
