<?xml version="1.0" encoding="UTF-8"?>
<!-- Generated by org.testng.reporters.JUnitReportReporter -->
<testsuite hostname="Roy" failures="0" tests="1" name="Practice_Package.Olympic" time="15.607" errors="0" timestamp="2023-04-16T15:37:58 IST" skipped="0">
  <testcase classname="Practice_Package.Olympic" name="test" time="15.607"/>
  <system-out/>
</testsuite> <!-- Practice_Package.Olympic -->
