<?xml version="1.0" encoding="UTF-8"?>
<!-- Generated by org.testng.reporters.JUnitReportReporter -->
<testsuite hostname="Roy" failures="0" tests="1" name="Customer.CreateCustomerIntegration" time="11.391" errors="0" timestamp="2023-03-29T14:39:48 IST" skipped="0">
  <testcase classname="Customer.CreateCustomerIntegration" name="CrCustIntegration" time="11.391"/>
  <system-out>
    <![CDATA[CrCustIntegration-----> TestScript Execution Started
CrCustIntegration-----> TestScript Execution Successful]]>
  </system-out>
</testsuite> <!-- Customer.CreateCustomerIntegration -->
