<?xml version="1.0" encoding="UTF-8"?>
<!-- Generated by org.testng.reporters.JUnitReportReporter -->
<testsuite hostname="Roy" failures="0" tests="1" name="Practice_Package.BrokenLinkPractice" time="105.816" errors="0" timestamp="2023-04-07T15:38:02 IST" skipped="0">
  <testcase classname="Practice_Package.BrokenLinkPractice" name="test" time="105.816"/>
  <system-out/>
</testsuite> <!-- Practice_Package.BrokenLinkPractice -->
