<?xml version="1.0" encoding="UTF-8"?>
<!-- Generated by org.testng.reporters.JUnitReportReporter -->
<testsuite hostname="Roy" failures="0" tests="2" name="Practice_Package.UsingExcelUtilityAndDataProvider4GetData" time="0.011" errors="0" timestamp="2023-03-29T16:25:11 IST" skipped="0">
  <testcase classname="Practice_Package.UsingExcelUtilityAndDataProvider4GetData" name="getData" time="0.009"/>
  <system-out/>
  <testcase classname="Practice_Package.UsingExcelUtilityAndDataProvider4GetData" name="getData" time="0.002"/>
  <system-out/>
</testsuite> <!-- Practice_Package.UsingExcelUtilityAndDataProvider4GetData -->
