<?xml version="1.0" encoding="UTF-8"?>
<!-- Generated by org.testng.reporters.JUnitReportReporter -->
<testsuite hostname="Roy" failures="0" tests="1" name="Practice_Package.Icc_Practi" time="28.141" errors="0" timestamp="2023-04-13T21:44:22 IST" skipped="0">
  <testcase classname="Practice_Package.Icc_Practi" name="test" time="28.141"/>
  <system-out/>
</testsuite> <!-- Practice_Package.Icc_Practi -->
