<?xml version="1.0" encoding="UTF-8"?>
<!-- Generated by org.testng.reporters.JUnitReportReporter -->
<testsuite hostname="Roy" failures="0" tests="1" name="Transaction.GenerateInvoiceByUser" time="8.498" errors="0" timestamp="2023-03-29T14:39:48 IST" skipped="0">
  <testcase classname="Transaction.GenerateInvoiceByUser" name="GenInvoiceByUser" time="8.498"/>
  <system-out>
    <![CDATA[GenInvoiceByUser-----> TestScript Execution Started
GenInvoiceByUser-----> TestScript Execution Successful]]>
  </system-out>
</testsuite> <!-- Transaction.GenerateInvoiceByUser -->
