<?xml version="1.0" encoding="UTF-8"?>
<!-- Generated by org.testng.reporters.JUnitReportReporter -->
<testsuite hostname="Roy" failures="0" tests="1" name="Practice_Package.AmazonPrice" time="14.854" errors="0" timestamp="2023-04-30T01:14:09 IST" skipped="0">
  <testcase classname="Practice_Package.AmazonPrice" name="test" time="14.854"/>
  <system-out/>
</testsuite> <!-- Practice_Package.AmazonPrice -->
