<?xml version="1.0" encoding="UTF-8"?>
<!-- Generated by org.testng.reporters.JUnitReportReporter -->
<testsuite hostname="Roy" failures="0" tests="7" name="Practice_Package.TestNG_Practice" time="0.026" errors="0" timestamp="2023-03-23T15:28:19 IST" skipped="0">
  <testcase classname="Practice_Package.TestNG_Practice" name="createCustomer" time="0.013"/>
  <system-out/>
  <testcase classname="Practice_Package.TestNG_Practice" name="createCustomer" time="0.002"/>
  <system-out/>
  <testcase classname="Practice_Package.TestNG_Practice" name="editCustomer" time="0.002"/>
  <system-out/>
  <testcase classname="Practice_Package.TestNG_Practice" name="editCustomer" time="0.002"/>
  <system-out/>
  <testcase classname="Practice_Package.TestNG_Practice" name="editCustomer" time="0.003"/>
  <system-out/>
  <testcase classname="Practice_Package.TestNG_Practice" name="deleteCustomer" time="0.002"/>
  <system-out/>
  <testcase classname="Practice_Package.TestNG_Practice" name="deleteCustomer" time="0.002"/>
  <system-out/>
</testsuite> <!-- Practice_Package.TestNG_Practice -->
